0 info it worked if it ends with ok
1 verbose cli [ '/usr/local/bin/node', '/usr/local/bin/npm', 'install' ]
2 info using npm@1.4.28
3 info using node@v0.10.33
4 warn package.json outset@1.0.0 No repository field.
5 warn package.json outset@1.0.0 No README data
6 verbose readDependencies using package.json deps
7 verbose install where, deps [ '/Users/serg1kk/Documents/Projects/outset',
7 verbose install   [ 'gulp',
7 verbose install     'gulp-sass',
7 verbose install     'gulp-concat',
7 verbose install     'gulp-minify-css',
7 verbose install     'gulp-rename',
7 verbose install     'bower',
7 verbose install     'gulp-util',
7 verbose install     'shelljs' ] ]
8 info preinstall outset@1.0.0
9 verbose readDependencies using package.json deps
10 verbose cache add [ 'gulp@^3.5.6', null ]
11 verbose cache add name=undefined spec="gulp@^3.5.6" args=["gulp@^3.5.6",null]
12 verbose parsed url { protocol: null,
12 verbose parsed url   slashes: null,
12 verbose parsed url   auth: null,
12 verbose parsed url   host: null,
12 verbose parsed url   port: null,
12 verbose parsed url   hostname: null,
12 verbose parsed url   hash: null,
12 verbose parsed url   search: null,
12 verbose parsed url   query: null,
12 verbose parsed url   pathname: 'gulp@^3.5.6',
12 verbose parsed url   path: 'gulp@^3.5.6',
12 verbose parsed url   href: 'gulp@^3.5.6' }
13 verbose cache add [ 'gulp-sass@^1.3.3', null ]
14 verbose cache add name=undefined spec="gulp-sass@^1.3.3" args=["gulp-sass@^1.3.3",null]
15 verbose parsed url { protocol: null,
15 verbose parsed url   slashes: null,
15 verbose parsed url   auth: null,
15 verbose parsed url   host: null,
15 verbose parsed url   port: null,
15 verbose parsed url   hostname: null,
15 verbose parsed url   hash: null,
15 verbose parsed url   search: null,
15 verbose parsed url   query: null,
15 verbose parsed url   pathname: 'gulp-sass@^1.3.3',
15 verbose parsed url   path: 'gulp-sass@^1.3.3',
15 verbose parsed url   href: 'gulp-sass@^1.3.3' }
16 verbose cache add [ 'gulp-concat@^2.2.0', null ]
17 verbose cache add name=undefined spec="gulp-concat@^2.2.0" args=["gulp-concat@^2.2.0",null]
18 verbose parsed url { protocol: null,
18 verbose parsed url   slashes: null,
18 verbose parsed url   auth: null,
18 verbose parsed url   host: null,
18 verbose parsed url   port: null,
18 verbose parsed url   hostname: null,
18 verbose parsed url   hash: null,
18 verbose parsed url   search: null,
18 verbose parsed url   query: null,
18 verbose parsed url   pathname: 'gulp-concat@^2.2.0',
18 verbose parsed url   path: 'gulp-concat@^2.2.0',
18 verbose parsed url   href: 'gulp-concat@^2.2.0' }
19 verbose cache add [ 'gulp-minify-css@^0.3.0', null ]
20 verbose cache add name=undefined spec="gulp-minify-css@^0.3.0" args=["gulp-minify-css@^0.3.0",null]
21 verbose parsed url { protocol: null,
21 verbose parsed url   slashes: null,
21 verbose parsed url   auth: null,
21 verbose parsed url   host: null,
21 verbose parsed url   port: null,
21 verbose parsed url   hostname: null,
21 verbose parsed url   hash: null,
21 verbose parsed url   search: null,
21 verbose parsed url   query: null,
21 verbose parsed url   pathname: 'gulp-minify-css@^0.3.0',
21 verbose parsed url   path: 'gulp-minify-css@^0.3.0',
21 verbose parsed url   href: 'gulp-minify-css@^0.3.0' }
22 verbose cache add name="gulp" spec="^3.5.6" args=["gulp","^3.5.6"]
23 verbose parsed url { protocol: null,
23 verbose parsed url   slashes: null,
23 verbose parsed url   auth: null,
23 verbose parsed url   host: null,
23 verbose parsed url   port: null,
23 verbose parsed url   hostname: null,
23 verbose parsed url   hash: null,
23 verbose parsed url   search: null,
23 verbose parsed url   query: null,
23 verbose parsed url   pathname: '^3.5.6',
23 verbose parsed url   path: '^3.5.6',
23 verbose parsed url   href: '^3.5.6' }
24 verbose addNamed [ 'gulp', '^3.5.6' ]
25 verbose addNamed [ null, '>=3.5.6-0 <4.0.0-0' ]
26 verbose cache add name="gulp-sass" spec="^1.3.3" args=["gulp-sass","^1.3.3"]
27 verbose parsed url { protocol: null,
27 verbose parsed url   slashes: null,
27 verbose parsed url   auth: null,
27 verbose parsed url   host: null,
27 verbose parsed url   port: null,
27 verbose parsed url   hostname: null,
27 verbose parsed url   hash: null,
27 verbose parsed url   search: null,
27 verbose parsed url   query: null,
27 verbose parsed url   pathname: '^1.3.3',
27 verbose parsed url   path: '^1.3.3',
27 verbose parsed url   href: '^1.3.3' }
28 verbose addNamed [ 'gulp-sass', '^1.3.3' ]
29 verbose addNamed [ null, '>=1.3.3-0 <2.0.0-0' ]
30 verbose cache add name="gulp-concat" spec="^2.2.0" args=["gulp-concat","^2.2.0"]
31 verbose parsed url { protocol: null,
31 verbose parsed url   slashes: null,
31 verbose parsed url   auth: null,
31 verbose parsed url   host: null,
31 verbose parsed url   port: null,
31 verbose parsed url   hostname: null,
31 verbose parsed url   hash: null,
31 verbose parsed url   search: null,
31 verbose parsed url   query: null,
31 verbose parsed url   pathname: '^2.2.0',
31 verbose parsed url   path: '^2.2.0',
31 verbose parsed url   href: '^2.2.0' }
32 verbose addNamed [ 'gulp-concat', '^2.2.0' ]
33 verbose addNamed [ null, '>=2.2.0-0 <3.0.0-0' ]
34 verbose cache add name="gulp-minify-css" spec="^0.3.0" args=["gulp-minify-css","^0.3.0"]
35 verbose parsed url { protocol: null,
35 verbose parsed url   slashes: null,
35 verbose parsed url   auth: null,
35 verbose parsed url   host: null,
35 verbose parsed url   port: null,
35 verbose parsed url   hostname: null,
35 verbose parsed url   hash: null,
35 verbose parsed url   search: null,
35 verbose parsed url   query: null,
35 verbose parsed url   pathname: '^0.3.0',
35 verbose parsed url   path: '^0.3.0',
35 verbose parsed url   href: '^0.3.0' }
36 verbose addNamed [ 'gulp-minify-css', '^0.3.0' ]
37 verbose addNamed [ null, '>=0.3.0-0 <0.4.0-0' ]
38 verbose cache add [ 'gulp-rename@^1.2.0', null ]
39 verbose cache add name=undefined spec="gulp-rename@^1.2.0" args=["gulp-rename@^1.2.0",null]
40 verbose parsed url { protocol: null,
40 verbose parsed url   slashes: null,
40 verbose parsed url   auth: null,
40 verbose parsed url   host: null,
40 verbose parsed url   port: null,
40 verbose parsed url   hostname: null,
40 verbose parsed url   hash: null,
40 verbose parsed url   search: null,
40 verbose parsed url   query: null,
40 verbose parsed url   pathname: 'gulp-rename@^1.2.0',
40 verbose parsed url   path: 'gulp-rename@^1.2.0',
40 verbose parsed url   href: 'gulp-rename@^1.2.0' }
41 verbose cache add [ 'bower@^1.3.3', null ]
42 verbose cache add name=undefined spec="bower@^1.3.3" args=["bower@^1.3.3",null]
43 verbose parsed url { protocol: null,
43 verbose parsed url   slashes: null,
43 verbose parsed url   auth: null,
43 verbose parsed url   host: null,
43 verbose parsed url   port: null,
43 verbose parsed url   hostname: null,
43 verbose parsed url   hash: null,
43 verbose parsed url   search: null,
43 verbose parsed url   query: null,
43 verbose parsed url   pathname: 'bower@^1.3.3',
43 verbose parsed url   path: 'bower@^1.3.3',
43 verbose parsed url   href: 'bower@^1.3.3' }
44 verbose cache add [ 'gulp-util@^2.2.14', null ]
45 verbose cache add name=undefined spec="gulp-util@^2.2.14" args=["gulp-util@^2.2.14",null]
46 verbose parsed url { protocol: null,
46 verbose parsed url   slashes: null,
46 verbose parsed url   auth: null,
46 verbose parsed url   host: null,
46 verbose parsed url   port: null,
46 verbose parsed url   hostname: null,
46 verbose parsed url   hash: null,
46 verbose parsed url   search: null,
46 verbose parsed url   query: null,
46 verbose parsed url   pathname: 'gulp-util@^2.2.14',
46 verbose parsed url   path: 'gulp-util@^2.2.14',
46 verbose parsed url   href: 'gulp-util@^2.2.14' }
47 verbose cache add [ 'shelljs@^0.3.0', null ]
48 verbose cache add name=undefined spec="shelljs@^0.3.0" args=["shelljs@^0.3.0",null]
49 verbose parsed url { protocol: null,
49 verbose parsed url   slashes: null,
49 verbose parsed url   auth: null,
49 verbose parsed url   host: null,
49 verbose parsed url   port: null,
49 verbose parsed url   hostname: null,
49 verbose parsed url   hash: null,
49 verbose parsed url   search: null,
49 verbose parsed url   query: null,
49 verbose parsed url   pathname: 'shelljs@^0.3.0',
49 verbose parsed url   path: 'shelljs@^0.3.0',
49 verbose parsed url   href: 'shelljs@^0.3.0' }
50 silly lockFile 28ac0b1b-gulp-3-5-6 gulp@^3.5.6
51 verbose lock gulp@^3.5.6 /Users/serg1kk/.npm/28ac0b1b-gulp-3-5-6.lock
52 silly lockFile c5cae820-gulp-sass-1-3-3 gulp-sass@^1.3.3
53 verbose lock gulp-sass@^1.3.3 /Users/serg1kk/.npm/c5cae820-gulp-sass-1-3-3.lock
54 silly lockFile bade1119-gulp-concat-2-2-0 gulp-concat@^2.2.0
55 verbose lock gulp-concat@^2.2.0 /Users/serg1kk/.npm/bade1119-gulp-concat-2-2-0.lock
56 silly lockFile 97140670-gulp-minify-css-0-3-0 gulp-minify-css@^0.3.0
57 verbose lock gulp-minify-css@^0.3.0 /Users/serg1kk/.npm/97140670-gulp-minify-css-0-3-0.lock
58 verbose cache add name="gulp-rename" spec="^1.2.0" args=["gulp-rename","^1.2.0"]
59 verbose parsed url { protocol: null,
59 verbose parsed url   slashes: null,
59 verbose parsed url   auth: null,
59 verbose parsed url   host: null,
59 verbose parsed url   port: null,
59 verbose parsed url   hostname: null,
59 verbose parsed url   hash: null,
59 verbose parsed url   search: null,
59 verbose parsed url   query: null,
59 verbose parsed url   pathname: '^1.2.0',
59 verbose parsed url   path: '^1.2.0',
59 verbose parsed url   href: '^1.2.0' }
60 verbose addNamed [ 'gulp-rename', '^1.2.0' ]
61 verbose addNamed [ null, '>=1.2.0-0 <2.0.0-0' ]
62 silly lockFile 31cef36d-gulp-rename-1-2-0 gulp-rename@^1.2.0
63 verbose lock gulp-rename@^1.2.0 /Users/serg1kk/.npm/31cef36d-gulp-rename-1-2-0.lock
64 verbose cache add name="bower" spec="^1.3.3" args=["bower","^1.3.3"]
65 verbose parsed url { protocol: null,
65 verbose parsed url   slashes: null,
65 verbose parsed url   auth: null,
65 verbose parsed url   host: null,
65 verbose parsed url   port: null,
65 verbose parsed url   hostname: null,
65 verbose parsed url   hash: null,
65 verbose parsed url   search: null,
65 verbose parsed url   query: null,
65 verbose parsed url   pathname: '^1.3.3',
65 verbose parsed url   path: '^1.3.3',
65 verbose parsed url   href: '^1.3.3' }
66 verbose addNamed [ 'bower', '^1.3.3' ]
67 verbose addNamed [ null, '>=1.3.3-0 <2.0.0-0' ]
68 silly lockFile 0aa5c27e-bower-1-3-3 bower@^1.3.3
69 verbose lock bower@^1.3.3 /Users/serg1kk/.npm/0aa5c27e-bower-1-3-3.lock
70 verbose cache add name="gulp-util" spec="^2.2.14" args=["gulp-util","^2.2.14"]
71 verbose parsed url { protocol: null,
71 verbose parsed url   slashes: null,
71 verbose parsed url   auth: null,
71 verbose parsed url   host: null,
71 verbose parsed url   port: null,
71 verbose parsed url   hostname: null,
71 verbose parsed url   hash: null,
71 verbose parsed url   search: null,
71 verbose parsed url   query: null,
71 verbose parsed url   pathname: '^2.2.14',
71 verbose parsed url   path: '^2.2.14',
71 verbose parsed url   href: '^2.2.14' }
72 verbose addNamed [ 'gulp-util', '^2.2.14' ]
73 verbose addNamed [ null, '>=2.2.14-0 <3.0.0-0' ]
74 silly lockFile e3e5f16b-gulp-util-2-2-14 gulp-util@^2.2.14
75 verbose lock gulp-util@^2.2.14 /Users/serg1kk/.npm/e3e5f16b-gulp-util-2-2-14.lock
76 verbose cache add name="shelljs" spec="^0.3.0" args=["shelljs","^0.3.0"]
77 verbose parsed url { protocol: null,
77 verbose parsed url   slashes: null,
77 verbose parsed url   auth: null,
77 verbose parsed url   host: null,
77 verbose parsed url   port: null,
77 verbose parsed url   hostname: null,
77 verbose parsed url   hash: null,
77 verbose parsed url   search: null,
77 verbose parsed url   query: null,
77 verbose parsed url   pathname: '^0.3.0',
77 verbose parsed url   path: '^0.3.0',
77 verbose parsed url   href: '^0.3.0' }
78 verbose addNamed [ 'shelljs', '^0.3.0' ]
79 verbose addNamed [ null, '>=0.3.0-0 <0.4.0-0' ]
80 silly lockFile 1ddaa962-shelljs-0-3-0 shelljs@^0.3.0
81 verbose lock shelljs@^0.3.0 /Users/serg1kk/.npm/1ddaa962-shelljs-0-3-0.lock
82 silly addNameRange { name: 'gulp-concat',
82 silly addNameRange   range: '>=2.2.0-0 <3.0.0-0',
82 silly addNameRange   hasData: false }
83 silly addNameRange { name: 'gulp-sass',
83 silly addNameRange   range: '>=1.3.3-0 <2.0.0-0',
83 silly addNameRange   hasData: false }
84 silly addNameRange { name: 'gulp', range: '>=3.5.6-0 <4.0.0-0', hasData: false }
85 silly addNameRange { name: 'gulp-minify-css',
85 silly addNameRange   range: '>=0.3.0-0 <0.4.0-0',
85 silly addNameRange   hasData: false }
86 silly addNameRange { name: 'gulp-rename',
86 silly addNameRange   range: '>=1.2.0-0 <2.0.0-0',
86 silly addNameRange   hasData: false }
87 verbose request where is /gulp-concat
88 verbose request registry https://registry.npmjs.org/
89 verbose request id a487023f67109cd2
90 verbose url raw /gulp-concat
91 verbose url resolving [ 'https://registry.npmjs.org/', './gulp-concat' ]
92 verbose url resolved https://registry.npmjs.org/gulp-concat
93 verbose request where is https://registry.npmjs.org/gulp-concat
94 info trying registry request attempt 1 at 10:47:57
95 http GET https://registry.npmjs.org/gulp-concat
96 verbose request where is /gulp-sass
97 verbose request registry https://registry.npmjs.org/
98 verbose url raw /gulp-sass
99 verbose url resolving [ 'https://registry.npmjs.org/', './gulp-sass' ]
100 verbose url resolved https://registry.npmjs.org/gulp-sass
101 verbose request where is https://registry.npmjs.org/gulp-sass
102 info trying registry request attempt 1 at 10:47:57
103 http GET https://registry.npmjs.org/gulp-sass
104 verbose request where is /gulp-rename
105 verbose request registry https://registry.npmjs.org/
106 verbose url raw /gulp-rename
107 verbose url resolving [ 'https://registry.npmjs.org/', './gulp-rename' ]
108 verbose url resolved https://registry.npmjs.org/gulp-rename
109 verbose request where is https://registry.npmjs.org/gulp-rename
110 info trying registry request attempt 1 at 10:47:57
111 http GET https://registry.npmjs.org/gulp-rename
112 silly addNameRange { name: 'gulp-util',
112 silly addNameRange   range: '>=2.2.14-0 <3.0.0-0',
112 silly addNameRange   hasData: false }
113 silly addNameRange { name: 'bower', range: '>=1.3.3-0 <2.0.0-0', hasData: false }
114 silly addNameRange { name: 'shelljs', range: '>=0.3.0-0 <0.4.0-0', hasData: false }
115 verbose request where is /gulp-minify-css
116 verbose request registry https://registry.npmjs.org/
117 verbose url raw /gulp-minify-css
118 verbose url resolving [ 'https://registry.npmjs.org/', './gulp-minify-css' ]
119 verbose url resolved https://registry.npmjs.org/gulp-minify-css
120 verbose request where is https://registry.npmjs.org/gulp-minify-css
121 info trying registry request attempt 1 at 10:47:57
122 http GET https://registry.npmjs.org/gulp-minify-css
123 verbose request where is /gulp-util
124 verbose request registry https://registry.npmjs.org/
125 verbose url raw /gulp-util
126 verbose url resolving [ 'https://registry.npmjs.org/', './gulp-util' ]
127 verbose url resolved https://registry.npmjs.org/gulp-util
128 verbose request where is https://registry.npmjs.org/gulp-util
129 info trying registry request attempt 1 at 10:47:57
130 verbose etag "1NJ1J70BV48FRK41HI58L29F2"
131 http GET https://registry.npmjs.org/gulp-util
132 verbose request where is /gulp
133 verbose request registry https://registry.npmjs.org/
134 verbose url raw /gulp
135 verbose url resolving [ 'https://registry.npmjs.org/', './gulp' ]
136 verbose url resolved https://registry.npmjs.org/gulp
137 verbose request where is https://registry.npmjs.org/gulp
138 info trying registry request attempt 1 at 10:47:57
139 verbose etag "7V22I0CTVZXZIY4W52C9MY35R"
140 http GET https://registry.npmjs.org/gulp
141 verbose request where is /shelljs
142 verbose request registry https://registry.npmjs.org/
143 verbose url raw /shelljs
144 verbose url resolving [ 'https://registry.npmjs.org/', './shelljs' ]
145 verbose url resolved https://registry.npmjs.org/shelljs
146 verbose request where is https://registry.npmjs.org/shelljs
147 info trying registry request attempt 1 at 10:47:57
148 verbose etag "5PWKU8MGPPEY5U31YTYEW6ZDD"
149 http GET https://registry.npmjs.org/shelljs
150 verbose request where is /bower
151 verbose request registry https://registry.npmjs.org/
152 verbose url raw /bower
153 verbose url resolving [ 'https://registry.npmjs.org/', './bower' ]
154 verbose url resolved https://registry.npmjs.org/bower
155 verbose request where is https://registry.npmjs.org/bower
156 info trying registry request attempt 1 at 10:47:57
157 verbose etag "5KMWVKUKLGN7WBDKM0DMHRVGS"
158 http GET https://registry.npmjs.org/bower
159 http 200 https://registry.npmjs.org/gulp-rename
160 silly registry.get cb [ 200,
160 silly registry.get   { server: 'CouchDB/1.5.0 (Erlang OTP/R16B03)',
160 silly registry.get     etag: '"8GHULUCMJQEDWMSWK233WY2BV"',
160 silly registry.get     'content-type': 'application/json',
160 silly registry.get     'cache-control': 'max-age=60',
160 silly registry.get     'content-length': '12338',
160 silly registry.get     'accept-ranges': 'bytes',
160 silly registry.get     date: 'Tue, 07 Jul 2015 07:47:57 GMT',
160 silly registry.get     via: '1.1 varnish',
160 silly registry.get     age: '50',
160 silly registry.get     connection: 'keep-alive',
160 silly registry.get     'x-served-by': 'cache-fra1243-FRA',
160 silly registry.get     'x-cache': 'HIT',
160 silly registry.get     'x-cache-hits': '1',
160 silly registry.get     'x-timer': 'S1436255277.435806,VS0,VE0',
160 silly registry.get     vary: 'Accept' } ]
161 silly addNameRange number 2 { name: 'gulp-rename',
161 silly addNameRange   range: '>=1.2.0-0 <2.0.0-0',
161 silly addNameRange   hasData: true }
162 silly addNameRange versions [ 'gulp-rename',
162 silly addNameRange   [ '0.1.0', '0.2.1', '0.2.2', '1.0.0', '1.1.0', '1.2.0', '1.2.2' ] ]
163 verbose addNamed [ 'gulp-rename', '1.2.2' ]
164 verbose addNamed [ '1.2.2', '1.2.2' ]
165 silly lockFile 36a270fc-gulp-rename-1-2-2 gulp-rename@1.2.2
166 verbose lock gulp-rename@1.2.2 /Users/serg1kk/.npm/36a270fc-gulp-rename-1-2-2.lock
167 silly lockFile 12c1b996-ulp-rename-gulp-rename-1-2-2-tgz https://registry.npmjs.org/gulp-rename/-/gulp-rename-1.2.2.tgz
168 verbose lock https://registry.npmjs.org/gulp-rename/-/gulp-rename-1.2.2.tgz /Users/serg1kk/.npm/12c1b996-ulp-rename-gulp-rename-1-2-2-tgz.lock
169 verbose addRemoteTarball [ 'https://registry.npmjs.org/gulp-rename/-/gulp-rename-1.2.2.tgz',
169 verbose addRemoteTarball   '3ad4428763f05e2764dec1c67d868db275687817' ]
170 info retry fetch attempt 1 at 10:47:57
171 verbose fetch to= /var/folders/n2/t8wysrbx0fq9sq8bjwfpgfpw0000gq/T/npm-9511-wBGJpEKB/registry.npmjs.org/gulp-rename/-/gulp-rename-1.2.2.tgz
172 http GET https://registry.npmjs.org/gulp-rename/-/gulp-rename-1.2.2.tgz
173 http 304 https://registry.npmjs.org/gulp-util
174 silly registry.get cb [ 304,
174 silly registry.get   { date: 'Tue, 07 Jul 2015 07:47:57 GMT',
174 silly registry.get     via: '1.1 varnish',
174 silly registry.get     'cache-control': 'max-age=60',
174 silly registry.get     etag: '"1NJ1J70BV48FRK41HI58L29F2"',
174 silly registry.get     age: '41',
174 silly registry.get     connection: 'keep-alive',
174 silly registry.get     'x-served-by': 'cache-fra1222-FRA',
174 silly registry.get     'x-cache': 'HIT',
174 silly registry.get     'x-cache-hits': '2',
174 silly registry.get     'x-timer': 'S1436255277.476159,VS0,VE0',
174 silly registry.get     vary: 'Accept' } ]
175 verbose etag https://registry.npmjs.org/gulp-util from cache
176 http 200 https://registry.npmjs.org/gulp-concat
177 silly registry.get cb [ 200,
177 silly registry.get   { server: 'CouchDB/1.5.0 (Erlang OTP/R16B03)',
177 silly registry.get     etag: '"1HTK9W59164OH2K5VMXFP8R1R"',
177 silly registry.get     'content-type': 'application/json',
177 silly registry.get     'cache-control': 'max-age=60',
177 silly registry.get     'content-length': '36750',
177 silly registry.get     'accept-ranges': 'bytes',
177 silly registry.get     date: 'Tue, 07 Jul 2015 07:47:57 GMT',
177 silly registry.get     via: '1.1 varnish',
177 silly registry.get     age: '35',
177 silly registry.get     connection: 'keep-alive',
177 silly registry.get     'x-served-by': 'cache-fra1221-FRA',
177 silly registry.get     'x-cache': 'HIT',
177 silly registry.get     'x-cache-hits': '1',
177 silly registry.get     'x-timer': 'S1436255277.442911,VS0,VE0',
177 silly registry.get     vary: 'Accept' } ]
178 http 304 https://registry.npmjs.org/gulp
179 silly registry.get cb [ 304,
179 silly registry.get   { date: 'Tue, 07 Jul 2015 07:47:57 GMT',
179 silly registry.get     via: '1.1 varnish',
179 silly registry.get     'cache-control': 'max-age=60',
179 silly registry.get     etag: '"7V22I0CTVZXZIY4W52C9MY35R"',
179 silly registry.get     age: '13',
179 silly registry.get     connection: 'keep-alive',
179 silly registry.get     'x-served-by': 'cache-fra1243-FRA',
179 silly registry.get     'x-cache': 'HIT',
179 silly registry.get     'x-cache-hits': '1',
179 silly registry.get     'x-timer': 'S1436255277.482461,VS0,VE0',
179 silly registry.get     vary: 'Accept' } ]
180 verbose etag https://registry.npmjs.org/gulp from cache
181 silly addNameRange number 2 { name: 'gulp-util',
181 silly addNameRange   range: '>=2.2.14-0 <3.0.0-0',
181 silly addNameRange   hasData: true }
182 silly addNameRange versions [ 'gulp-util',
182 silly addNameRange   [ '0.0.1',
182 silly addNameRange     '1.0.0',
182 silly addNameRange     '1.1.0',
182 silly addNameRange     '1.1.1',
182 silly addNameRange     '1.2.0',
182 silly addNameRange     '1.3.0',
182 silly addNameRange     '2.0.0',
182 silly addNameRange     '2.1.1',
182 silly addNameRange     '2.1.2',
182 silly addNameRange     '2.1.3',
182 silly addNameRange     '2.1.4',
182 silly addNameRange     '2.2.0',
182 silly addNameRange     '2.2.1',
182 silly addNameRange     '2.2.2',
182 silly addNameRange     '2.2.3',
182 silly addNameRange     '2.2.5',
182 silly addNameRange     '2.2.6',
182 silly addNameRange     '2.2.7',
182 silly addNameRange     '2.2.8',
182 silly addNameRange     '2.2.9',
182 silly addNameRange     '2.2.10',
182 silly addNameRange     '2.2.11',
182 silly addNameRange     '2.2.12',
182 silly addNameRange     '2.2.13',
182 silly addNameRange     '2.2.14',
182 silly addNameRange     '2.2.15',
182 silly addNameRange     '2.2.16',
182 silly addNameRange     '2.2.17',
182 silly addNameRange     '2.2.18',
182 silly addNameRange     '2.2.19',
182 silly addNameRange     '2.2.20',
182 silly addNameRange     '3.0.0',
182 silly addNameRange     '3.0.1',
182 silly addNameRange     '3.0.2',
182 silly addNameRange     '3.0.3',
182 silly addNameRange     '3.0.4',
182 silly addNameRange     '3.0.5',
182 silly addNameRange     '3.0.6' ] ]
183 verbose addNamed [ 'gulp-util', '2.2.20' ]
184 verbose addNamed [ '2.2.20', '2.2.20' ]
185 silly lockFile 48c194cb-gulp-util-2-2-20 gulp-util@2.2.20
186 verbose lock gulp-util@2.2.20 /Users/serg1kk/.npm/48c194cb-gulp-util-2-2-20.lock
187 silly addNameRange number 2 { name: 'gulp', range: '>=3.5.6-0 <4.0.0-0', hasData: true }
188 silly addNameRange versions [ 'gulp',
188 silly addNameRange   [ '0.0.1',
188 silly addNameRange     '0.0.2',
188 silly addNameRange     '0.0.3',
188 silly addNameRange     '0.0.4',
188 silly addNameRange     '0.0.5',
188 silly addNameRange     '0.0.7',
188 silly addNameRange     '0.0.8',
188 silly addNameRange     '0.0.9',
188 silly addNameRange     '0.1.0',
188 silly addNameRange     '0.2.0',
188 silly addNameRange     '1.0.0',
188 silly addNameRange     '1.1.0',
188 silly addNameRange     '1.2.0',
188 silly addNameRange     '1.2.1',
188 silly addNameRange     '2.0.0',
188 silly addNameRange     '2.0.1',
188 silly addNameRange     '2.1.0',
188 silly addNameRange     '2.2.0',
188 silly addNameRange     '2.3.0',
188 silly addNameRange     '2.4.0',
188 silly addNameRange     '2.4.1',
188 silly addNameRange     '2.6.0',
188 silly addNameRange     '2.6.1',
188 silly addNameRange     '2.7.0',
188 silly addNameRange     '3.0.0',
188 silly addNameRange     '3.1.1',
188 silly addNameRange     '3.1.2',
188 silly addNameRange     '3.1.3',
188 silly addNameRange     '3.1.4',
188 silly addNameRange     '3.2.0',
188 silly addNameRange     '3.2.1',
188 silly addNameRange     '3.2.2',
188 silly addNameRange     '3.2.3',
188 silly addNameRange     '3.2.4',
188 silly addNameRange     '3.2.5',
188 silly addNameRange     '3.3.0',
188 silly addNameRange     '3.3.1',
188 silly addNameRange     '3.3.2',
188 silly addNameRange     '3.3.4',
188 silly addNameRange     '3.4.0',
188 silly addNameRange     '3.5.0',
188 silly addNameRange     '3.5.1',
188 silly addNameRange     '3.5.2',
188 silly addNameRange     '3.5.5',
188 silly addNameRange     '3.5.6',
188 silly addNameRange     '3.6.0',
188 silly addNameRange     '3.6.1',
188 silly addNameRange     '3.6.2',
188 silly addNameRange     '3.7.0',
188 silly addNameRange     '3.8.0',
188 silly addNameRange     '3.8.1',
188 silly addNameRange     '3.8.2',
188 silly addNameRange     '3.8.3',
188 silly addNameRange     '3.8.4',
188 silly addNameRange     '3.8.5',
188 silly addNameRange     '3.8.6',
188 silly addNameRange     '3.8.7',
188 silly addNameRange     '3.8.8',
188 silly addNameRange     '3.8.9',
188 silly addNameRange     '3.8.10',
188 silly addNameRange     '3.8.11',
188 silly addNameRange     '3.9.0' ] ]
189 verbose addNamed [ 'gulp', '3.9.0' ]
190 verbose addNamed [ '3.9.0', '3.9.0' ]
191 silly lockFile c2697a61-gulp-3-9-0 gulp@3.9.0
192 verbose lock gulp@3.9.0 /Users/serg1kk/.npm/c2697a61-gulp-3-9-0.lock
193 silly addNameRange number 2 { name: 'gulp-concat',
193 silly addNameRange   range: '>=2.2.0-0 <3.0.0-0',
193 silly addNameRange   hasData: true }
194 silly addNameRange versions [ 'gulp-concat',
194 silly addNameRange   [ '0.0.1',
194 silly addNameRange     '1.0.0',
194 silly addNameRange     '1.1.0',
194 silly addNameRange     '2.0.0',
194 silly addNameRange     '2.1.0',
194 silly addNameRange     '2.1.1',
194 silly addNameRange     '2.1.2',
194 silly addNameRange     '2.1.3',
194 silly addNameRange     '2.1.4',
194 silly addNameRange     '2.1.5',
194 silly addNameRange     '2.1.6',
194 silly addNameRange     '2.1.7',
194 silly addNameRange     '2.2.0',
194 silly addNameRange     '2.3.0',
194 silly addNameRange     '2.3.3',
194 silly addNameRange     '2.3.4',
194 silly addNameRange     '2.3.5',
194 silly addNameRange     '2.4.0',
194 silly addNameRange     '2.4.1',
194 silly addNameRange     '2.4.2',
194 silly addNameRange     '2.4.3',
194 silly addNameRange     '2.5.0',
194 silly addNameRange     '2.5.1',
194 silly addNameRange     '2.5.2',
194 silly addNameRange     '2.6.0' ] ]
195 verbose addNamed [ 'gulp-concat', '2.6.0' ]
196 verbose addNamed [ '2.6.0', '2.6.0' ]
197 silly lockFile 03b8a742-gulp-concat-2-6-0 gulp-concat@2.6.0
198 verbose lock gulp-concat@2.6.0 /Users/serg1kk/.npm/03b8a742-gulp-concat-2-6-0.lock
199 http 200 https://registry.npmjs.org/gulp-sass
200 silly registry.get cb [ 200,
200 silly registry.get   { server: 'CouchDB/1.5.0 (Erlang OTP/R16B03)',
200 silly registry.get     etag: '"67QA0P0BBHJG2KF84H8FVE4UK"',
200 silly registry.get     'content-type': 'application/json',
200 silly registry.get     'cache-control': 'max-age=60',
200 silly registry.get     'content-length': '37689',
200 silly registry.get     'accept-ranges': 'bytes',
200 silly registry.get     date: 'Tue, 07 Jul 2015 07:47:57 GMT',
200 silly registry.get     via: '1.1 varnish',
200 silly registry.get     age: '4',
200 silly registry.get     connection: 'keep-alive',
200 silly registry.get     'x-served-by': 'cache-fra1228-FRA',
200 silly registry.get     'x-cache': 'HIT',
200 silly registry.get     'x-cache-hits': '1',
200 silly registry.get     'x-timer': 'S1436255277.438319,VS0,VE0',
200 silly registry.get     vary: 'Accept' } ]
201 http 200 https://registry.npmjs.org/gulp-minify-css
202 silly registry.get cb [ 200,
202 silly registry.get   { server: 'CouchDB/1.5.0 (Erlang OTP/R16B03)',
202 silly registry.get     etag: '"145QM7AZXOIJJGDI4B1U33FEY"',
202 silly registry.get     'content-type': 'application/json',
202 silly registry.get     'cache-control': 'max-age=60',
202 silly registry.get     'content-length': '58685',
202 silly registry.get     'accept-ranges': 'bytes',
202 silly registry.get     date: 'Tue, 07 Jul 2015 07:47:57 GMT',
202 silly registry.get     via: '1.1 varnish',
202 silly registry.get     age: '4',
202 silly registry.get     connection: 'keep-alive',
202 silly registry.get     'x-served-by': 'cache-fra1226-FRA',
202 silly registry.get     'x-cache': 'HIT',
202 silly registry.get     'x-cache-hits': '143',
202 silly registry.get     'x-timer': 'S1436255277.439572,VS0,VE0',
202 silly registry.get     vary: 'Accept' } ]
203 silly lockFile 34166e88-g-gulp-util-gulp-util-2-2-20-tgz https://registry.npmjs.org/gulp-util/-/gulp-util-2.2.20.tgz
204 verbose lock https://registry.npmjs.org/gulp-util/-/gulp-util-2.2.20.tgz /Users/serg1kk/.npm/34166e88-g-gulp-util-gulp-util-2-2-20-tgz.lock
205 silly lockFile a5bb2ad5-ulp-concat-gulp-concat-2-6-0-tgz https://registry.npmjs.org/gulp-concat/-/gulp-concat-2.6.0.tgz
206 verbose lock https://registry.npmjs.org/gulp-concat/-/gulp-concat-2.6.0.tgz /Users/serg1kk/.npm/a5bb2ad5-ulp-concat-gulp-concat-2-6-0-tgz.lock
207 verbose addRemoteTarball [ 'https://registry.npmjs.org/gulp-util/-/gulp-util-2.2.20.tgz',
207 verbose addRemoteTarball   'd7146e5728910bd8f047a6b0b1e549bc22dbd64c' ]
208 verbose addRemoteTarball [ 'https://registry.npmjs.org/gulp-concat/-/gulp-concat-2.6.0.tgz',
208 verbose addRemoteTarball   '585cfb115411f348773131140566b6a81c69cb91' ]
209 info retry fetch attempt 1 at 10:47:57
210 verbose fetch to= /var/folders/n2/t8wysrbx0fq9sq8bjwfpgfpw0000gq/T/npm-9511-wBGJpEKB/registry.npmjs.org/gulp-util/-/gulp-util-2.2.20.tgz
211 http GET https://registry.npmjs.org/gulp-util/-/gulp-util-2.2.20.tgz
212 silly addNameRange number 2 { name: 'gulp-minify-css',
212 silly addNameRange   range: '>=0.3.0-0 <0.4.0-0',
212 silly addNameRange   hasData: true }
213 silly addNameRange versions [ 'gulp-minify-css',
213 silly addNameRange   [ '0.0.1',
213 silly addNameRange     '0.1.0',
213 silly addNameRange     '0.2.0',
213 silly addNameRange     '0.3.0',
213 silly addNameRange     '0.3.1',
213 silly addNameRange     '0.3.2',
213 silly addNameRange     '0.3.3',
213 silly addNameRange     '0.3.4',
213 silly addNameRange     '0.3.5',
213 silly addNameRange     '0.3.6',
213 silly addNameRange     '0.3.7',
213 silly addNameRange     '0.3.8',
213 silly addNameRange     '0.3.9',
213 silly addNameRange     '0.3.10',
213 silly addNameRange     '0.3.11',
213 silly addNameRange     '0.3.12',
213 silly addNameRange     '0.3.13',
213 silly addNameRange     '0.4.0',
213 silly addNameRange     '0.4.1',
213 silly addNameRange     '0.4.2',
213 silly addNameRange     '0.4.3',
213 silly addNameRange     '0.4.4',
213 silly addNameRange     '0.4.5',
213 silly addNameRange     '0.4.6',
213 silly addNameRange     '0.5.0',
213 silly addNameRange     '0.5.1',
213 silly addNameRange     '1.0.0',
213 silly addNameRange     '1.1.0',
213 silly addNameRange     '1.1.1',
213 silly addNameRange     '1.1.2',
213 silly addNameRange     '1.1.2-1',
213 silly addNameRange     '1.1.3',
213 silly addNameRange     '1.1.4',
213 silly addNameRange     '1.1.5',
213 silly addNameRange     '1.1.6',
213 silly addNameRange     '1.2.0' ] ]
214 verbose addNamed [ 'gulp-minify-css', '0.3.13' ]
215 verbose addNamed [ '0.3.13', '0.3.13' ]
216 silly lockFile 9038a954-gulp-minify-css-0-3-13 gulp-minify-css@0.3.13
217 verbose lock gulp-minify-css@0.3.13 /Users/serg1kk/.npm/9038a954-gulp-minify-css-0-3-13.lock
218 silly addNameRange number 2 { name: 'gulp-sass', range: '>=1.3.3-0 <2.0.0-0', hasData: true }
219 silly addNameRange versions [ 'gulp-sass',
219 silly addNameRange   [ '0.1.0',
219 silly addNameRange     '0.2.1',
219 silly addNameRange     '0.2.2',
219 silly addNameRange     '0.2.3',
219 silly addNameRange     '0.3.0',
219 silly addNameRange     '0.4.0',
219 silly addNameRange     '0.4.1',
219 silly addNameRange     '0.5.0',
219 silly addNameRange     '0.5.1',
219 silly addNameRange     '0.5.2',
219 silly addNameRange     '0.6.0',
219 silly addNameRange     '0.7.0',
219 silly addNameRange     '0.7.1',
219 silly addNameRange     '0.7.2',
219 silly addNameRange     '0.7.3',
219 silly addNameRange     '1.0.0',
219 silly addNameRange     '1.1.0',
219 silly addNameRange     '1.2.0',
219 silly addNameRange     '1.2.1',
219 silly addNameRange     '1.2.2',
219 silly addNameRange     '1.2.3',
219 silly addNameRange     '1.2.4',
219 silly addNameRange     '1.3.0',
219 silly addNameRange     '1.3.1',
219 silly addNameRange     '1.3.2',
219 silly addNameRange     '1.3.3',
219 silly addNameRange     '2.0.0-alpha.1',
219 silly addNameRange     '2.0.0',
219 silly addNameRange     '2.0.2',
219 silly addNameRange     '2.0.3' ] ]
220 verbose addNamed [ 'gulp-sass', '1.3.3' ]
221 verbose addNamed [ '1.3.3', '1.3.3' ]
222 silly lockFile bd3023a4-gulp-sass-1-3-3 gulp-sass@1.3.3
223 verbose lock gulp-sass@1.3.3 /Users/serg1kk/.npm/bd3023a4-gulp-sass-1-3-3.lock
224 info retry fetch attempt 1 at 10:47:57
225 verbose fetch to= /var/folders/n2/t8wysrbx0fq9sq8bjwfpgfpw0000gq/T/npm-9511-wBGJpEKB/registry.npmjs.org/gulp-concat/-/gulp-concat-2.6.0.tgz
226 http GET https://registry.npmjs.org/gulp-concat/-/gulp-concat-2.6.0.tgz
227 silly lockFile 8781e9f5-y-css-gulp-minify-css-0-3-13-tgz https://registry.npmjs.org/gulp-minify-css/-/gulp-minify-css-0.3.13.tgz
228 verbose lock https://registry.npmjs.org/gulp-minify-css/-/gulp-minify-css-0.3.13.tgz /Users/serg1kk/.npm/8781e9f5-y-css-gulp-minify-css-0-3-13-tgz.lock
229 silly lockFile 9876ba90-rg-gulp-sass-gulp-sass-1-3-3-tgz https://registry.npmjs.org/gulp-sass/-/gulp-sass-1.3.3.tgz
230 verbose lock https://registry.npmjs.org/gulp-sass/-/gulp-sass-1.3.3.tgz /Users/serg1kk/.npm/9876ba90-rg-gulp-sass-gulp-sass-1-3-3-tgz.lock
231 verbose addRemoteTarball [ 'https://registry.npmjs.org/gulp-minify-css/-/gulp-minify-css-0.3.13.tgz',
231 verbose addRemoteTarball   'ba813c665422868305383ccd185f239c1e35209b' ]
232 verbose addRemoteTarball [ 'https://registry.npmjs.org/gulp-sass/-/gulp-sass-1.3.3.tgz',
232 verbose addRemoteTarball   '66da87646bbfd299988c8ebbe94cefaff50e5662' ]
233 info retry fetch attempt 1 at 10:47:57
234 verbose fetch to= /var/folders/n2/t8wysrbx0fq9sq8bjwfpgfpw0000gq/T/npm-9511-wBGJpEKB/registry.npmjs.org/gulp-minify-css/-/gulp-minify-css-0.3.13.tgz
235 info retry fetch attempt 1 at 10:47:57
236 verbose fetch to= /var/folders/n2/t8wysrbx0fq9sq8bjwfpgfpw0000gq/T/npm-9511-wBGJpEKB/registry.npmjs.org/gulp-sass/-/gulp-sass-1.3.3.tgz
237 http GET https://registry.npmjs.org/gulp-minify-css/-/gulp-minify-css-0.3.13.tgz
238 http GET https://registry.npmjs.org/gulp-sass/-/gulp-sass-1.3.3.tgz
239 silly lockFile c2697a61-gulp-3-9-0 gulp@3.9.0
240 silly lockFile c2697a61-gulp-3-9-0 gulp@3.9.0
241 silly lockFile 28ac0b1b-gulp-3-5-6 gulp@^3.5.6
242 silly lockFile 28ac0b1b-gulp-3-5-6 gulp@^3.5.6
243 http 200 https://registry.npmjs.org/shelljs
244 silly registry.get cb [ 200,
244 silly registry.get   { server: 'CouchDB/1.5.0 (Erlang OTP/R16B03)',
244 silly registry.get     etag: '"7KWFASEZ590AMOKDRK8GGBDTE"',
244 silly registry.get     'content-type': 'application/json',
244 silly registry.get     'cache-control': 'max-age=60',
244 silly registry.get     'content-length': '50777',
244 silly registry.get     'accept-ranges': 'bytes',
244 silly registry.get     date: 'Tue, 07 Jul 2015 07:47:57 GMT',
244 silly registry.get     via: '1.1 varnish',
244 silly registry.get     age: '54',
244 silly registry.get     connection: 'keep-alive',
244 silly registry.get     'x-served-by': 'cache-fra1222-FRA',
244 silly registry.get     'x-cache': 'HIT',
244 silly registry.get     'x-cache-hits': '4',
244 silly registry.get     'x-timer': 'S1436255277.519862,VS0,VE0',
244 silly registry.get     vary: 'Accept' } ]
245 http 200 https://registry.npmjs.org/bower
246 silly registry.get cb [ 200,
246 silly registry.get   { server: 'CouchDB/1.5.0 (Erlang OTP/R16B03)',
246 silly registry.get     etag: '"AAO6T055NQ700CZJYO7KWWFW"',
246 silly registry.get     'content-type': 'application/json',
246 silly registry.get     'cache-control': 'max-age=60',
246 silly registry.get     'content-length': '112565',
246 silly registry.get     'accept-ranges': 'bytes',
246 silly registry.get     date: 'Tue, 07 Jul 2015 07:47:57 GMT',
246 silly registry.get     via: '1.1 varnish',
246 silly registry.get     age: '20',
246 silly registry.get     connection: 'keep-alive',
246 silly registry.get     'x-served-by': 'cache-fra1221-FRA',
246 silly registry.get     'x-cache': 'HIT',
246 silly registry.get     'x-cache-hits': '1',
246 silly registry.get     'x-timer': 'S1436255277.530280,VS0,VE0',
246 silly registry.get     vary: 'Accept' } ]
247 silly addNameRange number 2 { name: 'shelljs', range: '>=0.3.0-0 <0.4.0-0', hasData: true }
248 silly addNameRange versions [ 'shelljs',
248 silly addNameRange   [ '0.0.1',
248 silly addNameRange     '0.0.2',
248 silly addNameRange     '0.0.3',
248 silly addNameRange     '0.0.4',
248 silly addNameRange     '0.0.5',
248 silly addNameRange     '0.0.6',
248 silly addNameRange     '0.0.7',
248 silly addNameRange     '0.0.8',
248 silly addNameRange     '0.0.9',
248 silly addNameRange     '0.1.0',
248 silly addNameRange     '0.1.1',
248 silly addNameRange     '0.1.2',
248 silly addNameRange     '0.1.3',
248 silly addNameRange     '0.1.4',
248 silly addNameRange     '0.2.0',
248 silly addNameRange     '0.2.1',
248 silly addNameRange     '0.2.2',
248 silly addNameRange     '0.2.3',
248 silly addNameRange     '0.2.4',
248 silly addNameRange     '0.2.5',
248 silly addNameRange     '0.2.6',
248 silly addNameRange     '0.3.0',
248 silly addNameRange     '0.4.0',
248 silly addNameRange     '0.5.0',
248 silly addNameRange     '0.5.1',
248 silly addNameRange     '0.0.1-alpha1',
248 silly addNameRange     '0.0.2-pre1',
248 silly addNameRange     '0.0.4-pre1',
248 silly addNameRange     '0.0.5-pre1',
248 silly addNameRange     '0.0.5-pre2',
248 silly addNameRange     '0.0.5-pre3',
248 silly addNameRange     '0.0.5-pre4',
248 silly addNameRange     '0.0.6-pre1',
248 silly addNameRange     '0.0.6-pre2' ] ]
249 verbose addNamed [ 'shelljs', '0.3.0' ]
250 verbose addNamed [ '0.3.0', '0.3.0' ]
251 silly lockFile 7d3918b1-shelljs-0-3-0 shelljs@0.3.0
252 verbose lock shelljs@0.3.0 /Users/serg1kk/.npm/7d3918b1-shelljs-0-3-0.lock
253 silly addNameRange number 2 { name: 'bower', range: '>=1.3.3-0 <2.0.0-0', hasData: true }
254 silly addNameRange versions [ 'bower',
254 silly addNameRange   [ '0.1.0',
254 silly addNameRange     '0.1.2',
254 silly addNameRange     '0.1.3',
254 silly addNameRange     '0.2.0',
254 silly addNameRange     '0.3.0',
254 silly addNameRange     '0.3.1',
254 silly addNameRange     '0.3.2',
254 silly addNameRange     '0.4.0',
254 silly addNameRange     '0.5.0',
254 silly addNameRange     '0.5.1',
254 silly addNameRange     '0.6.0',
254 silly addNameRange     '0.6.1',
254 silly addNameRange     '0.6.2',
254 silly addNameRange     '0.6.3',
254 silly addNameRange     '0.6.4',
254 silly addNameRange     '0.6.5',
254 silly addNameRange     '0.6.6',
254 silly addNameRange     '0.6.7',
254 silly addNameRange     '0.6.8',
254 silly addNameRange     '0.7.0',
254 silly addNameRange     '0.7.1',
254 silly addNameRange     '0.8.0',
254 silly addNameRange     '0.8.1',
254 silly addNameRange     '0.8.2',
254 silly addNameRange     '0.8.3',
254 silly addNameRange     '0.8.4',
254 silly addNameRange     '0.8.5',
254 silly addNameRange     '0.8.6',
254 silly addNameRange     '0.9.0',
254 silly addNameRange     '0.9.1',
254 silly addNameRange     '0.9.2',
254 silly addNameRange     '0.10.0',
254 silly addNameRange     '1.0.0',
254 silly addNameRange     '1.0.1',
254 silly addNameRange     '1.0.2',
254 silly addNameRange     '1.0.3',
254 silly addNameRange     '1.1.0',
254 silly addNameRange     '1.1.1',
254 silly addNameRange     '1.1.2',
254 silly addNameRange     '1.2.0',
254 silly addNameRange     '1.2.1',
254 silly addNameRange     '1.2.2',
254 silly addNameRange     '1.2.3',
254 silly addNameRange     '1.2.4',
254 silly addNameRange     '1.2.5',
254 silly addNameRange     '1.2.6',
254 silly addNameRange     '1.2.7',
254 silly addNameRange     '1.2.8',
254 silly addNameRange     '1.3.0',
254 silly addNameRange     '1.3.1',
254 silly addNameRange     '1.3.2',
254 silly addNameRange     '1.3.3',
254 silly addNameRange     '1.3.4',
254 silly addNameRange     '1.3.5',
254 silly addNameRange     '1.3.6',
254 silly addNameRange     '1.3.7',
254 silly addNameRange     '1.3.8',
254 silly addNameRange     '1.3.9',
254 silly addNameRange     '1.3.10',
254 silly addNameRange     '1.3.11',
254 silly addNameRange     '1.3.12',
254 silly addNameRange     '1.4.0',
254 silly addNameRange     '1.4.1' ] ]
255 verbose addNamed [ 'bower', '1.4.1' ]
256 verbose addNamed [ '1.4.1', '1.4.1' ]
257 silly lockFile 185f46c0-bower-1-4-1 bower@1.4.1
258 verbose lock bower@1.4.1 /Users/serg1kk/.npm/185f46c0-bower-1-4-1.lock
259 http 200 https://registry.npmjs.org/gulp-rename/-/gulp-rename-1.2.2.tgz
260 silly lockFile 12c1b996-ulp-rename-gulp-rename-1-2-2-tgz https://registry.npmjs.org/gulp-rename/-/gulp-rename-1.2.2.tgz
261 silly lockFile 12c1b996-ulp-rename-gulp-rename-1-2-2-tgz https://registry.npmjs.org/gulp-rename/-/gulp-rename-1.2.2.tgz
262 silly lockFile 36a270fc-gulp-rename-1-2-2 gulp-rename@1.2.2
263 silly lockFile 36a270fc-gulp-rename-1-2-2 gulp-rename@1.2.2
264 silly lockFile 31cef36d-gulp-rename-1-2-0 gulp-rename@^1.2.0
265 silly lockFile 31cef36d-gulp-rename-1-2-0 gulp-rename@^1.2.0
266 silly lockFile 7d3918b1-shelljs-0-3-0 shelljs@0.3.0
267 silly lockFile 7d3918b1-shelljs-0-3-0 shelljs@0.3.0
268 silly lockFile 1ddaa962-shelljs-0-3-0 shelljs@^0.3.0
269 silly lockFile 1ddaa962-shelljs-0-3-0 shelljs@^0.3.0
270 silly lockFile 185f46c0-bower-1-4-1 bower@1.4.1
271 silly lockFile 185f46c0-bower-1-4-1 bower@1.4.1
272 silly lockFile 0aa5c27e-bower-1-3-3 bower@^1.3.3
273 silly lockFile 0aa5c27e-bower-1-3-3 bower@^1.3.3
274 http 200 https://registry.npmjs.org/gulp-util/-/gulp-util-2.2.20.tgz
275 http 200 https://registry.npmjs.org/gulp-concat/-/gulp-concat-2.6.0.tgz
276 http 200 https://registry.npmjs.org/gulp-minify-css/-/gulp-minify-css-0.3.13.tgz
277 http 200 https://registry.npmjs.org/gulp-sass/-/gulp-sass-1.3.3.tgz
278 silly lockFile 34166e88-g-gulp-util-gulp-util-2-2-20-tgz https://registry.npmjs.org/gulp-util/-/gulp-util-2.2.20.tgz
279 silly lockFile 34166e88-g-gulp-util-gulp-util-2-2-20-tgz https://registry.npmjs.org/gulp-util/-/gulp-util-2.2.20.tgz
280 silly lockFile 48c194cb-gulp-util-2-2-20 gulp-util@2.2.20
281 silly lockFile 48c194cb-gulp-util-2-2-20 gulp-util@2.2.20
282 silly lockFile e3e5f16b-gulp-util-2-2-14 gulp-util@^2.2.14
283 silly lockFile e3e5f16b-gulp-util-2-2-14 gulp-util@^2.2.14
284 silly lockFile a5bb2ad5-ulp-concat-gulp-concat-2-6-0-tgz https://registry.npmjs.org/gulp-concat/-/gulp-concat-2.6.0.tgz
285 silly lockFile a5bb2ad5-ulp-concat-gulp-concat-2-6-0-tgz https://registry.npmjs.org/gulp-concat/-/gulp-concat-2.6.0.tgz
286 silly lockFile 8781e9f5-y-css-gulp-minify-css-0-3-13-tgz https://registry.npmjs.org/gulp-minify-css/-/gulp-minify-css-0.3.13.tgz
287 silly lockFile 8781e9f5-y-css-gulp-minify-css-0-3-13-tgz https://registry.npmjs.org/gulp-minify-css/-/gulp-minify-css-0.3.13.tgz
288 silly lockFile 03b8a742-gulp-concat-2-6-0 gulp-concat@2.6.0
289 silly lockFile 03b8a742-gulp-concat-2-6-0 gulp-concat@2.6.0
290 silly lockFile 9038a954-gulp-minify-css-0-3-13 gulp-minify-css@0.3.13
291 silly lockFile 9038a954-gulp-minify-css-0-3-13 gulp-minify-css@0.3.13
292 silly lockFile bade1119-gulp-concat-2-2-0 gulp-concat@^2.2.0
293 silly lockFile bade1119-gulp-concat-2-2-0 gulp-concat@^2.2.0
294 silly lockFile 97140670-gulp-minify-css-0-3-0 gulp-minify-css@^0.3.0
295 silly lockFile 97140670-gulp-minify-css-0-3-0 gulp-minify-css@^0.3.0
296 silly lockFile 9876ba90-rg-gulp-sass-gulp-sass-1-3-3-tgz https://registry.npmjs.org/gulp-sass/-/gulp-sass-1.3.3.tgz
297 silly lockFile 9876ba90-rg-gulp-sass-gulp-sass-1-3-3-tgz https://registry.npmjs.org/gulp-sass/-/gulp-sass-1.3.3.tgz
298 silly lockFile bd3023a4-gulp-sass-1-3-3 gulp-sass@1.3.3
299 silly lockFile bd3023a4-gulp-sass-1-3-3 gulp-sass@1.3.3
300 silly lockFile c5cae820-gulp-sass-1-3-3 gulp-sass@^1.3.3
301 silly lockFile c5cae820-gulp-sass-1-3-3 gulp-sass@^1.3.3
302 error Error: EACCES, mkdir '/Users/serg1kk/.npm/gulp-util/2.2.20'
302 error  { [Error: EACCES, mkdir '/Users/serg1kk/.npm/gulp-util/2.2.20']
302 error   errno: 3,
302 error   code: 'EACCES',
302 error   path: '/Users/serg1kk/.npm/gulp-util/2.2.20',
302 error   parent: 'outset' }
303 error Please try running this command again as root/Administrator.
304 error System Darwin 14.3.0
305 error command "/usr/local/bin/node" "/usr/local/bin/npm" "install"
306 error cwd /Users/serg1kk/Documents/Projects/outset
307 error node -v v0.10.33
308 error npm -v 1.4.28
309 error path /Users/serg1kk/.npm/gulp-util/2.2.20
310 error code EACCES
311 error errno 3
312 error stack Error: EACCES, mkdir '/Users/serg1kk/.npm/gulp-util/2.2.20'
313 verbose exit [ 3, true ]
